<?xml version="1.0" encoding="UTF-8"?>
<!-- Generated by org.testng.reporters.JUnitReportReporter -->
<testsuite skipped="0" hostname="LAPTOP-0ESFL29K" name="BuscaminasTest" tests="4" failures="0" timestamp="2020-10-01T09:08:23 COT" time="0.023" errors="0">
  <testcase name="testCase0" time="0.017" classname="BuscaminasTest"/>
  <testcase name="testCase1" time="0.002" classname="BuscaminasTest"/>
  <testcase name="testCase3" time="0.003" classname="BuscaminasTest"/>
  <testcase name="testCase2" time="0.001" classname="BuscaminasTest"/>
</testsuite> <!-- BuscaminasTest -->
