<?xml version="1.0" encoding="UTF-8"?>
<!-- Generated by org.testng.reporters.JUnitReportReporter -->
<testsuite skipped="0" hostname="LAPTOP-0ESFL29K" name="BuscaminasTest" tests="3" failures="0" timestamp="2020-10-03T18:04:31 COT" time="0.048" errors="0">
  <testcase name="testcaseprueba" time="0.000" classname="BuscaminasTest"/>
  <testcase name="testTime" time="0.024" classname="BuscaminasTest"/>
  <testcase name="testTime" time="0.024" classname="BuscaminasTest"/>
</testsuite> <!-- BuscaminasTest -->
